<?xml version="1.0" encoding="UTF-8"?>
<!-- Generated by org.testng.reporters.JUnitXMLReporter -->
<testsuite ignored="0" hostname="AMIT" failures="0" tests="4" name="Testing site2" time="35.199" errors="0" timestamp="26 Feb 2024 12:10:05 GMT">
  <testcase classname="com.app.sunbeam.tests.Test2" name="getup" time="10.016"/>
  <testcase classname="com.app.sunbeam.tests.Test2" name="getup1Test" time="10.004"/>
  <testcase classname="com.app.sunbeam.tests.Test2" name="getup1Test2" time="10.006"/>
  <testcase classname="com.app.sunbeam.tests.Test2" name="LoginTest2" time="0.698"/>
</testsuite> <!-- Testing site2 -->
