<?xml version="1.0" encoding="UTF-8"?>
<!-- Generated by org.testng.reporters.JUnitXMLReporter -->
<testsuite ignored="0" hostname="AMIT" failures="0" tests="4" name="Testingsites" time="35.982" errors="0" timestamp="26 Feb 2024 12:10:06 GMT">
  <testcase classname="com.app.sunbeam.tests.Test1" name="sample" time="10.008"/>
  <testcase classname="com.app.sunbeam.tests.Test1" name="sample1" time="10.013"/>
  <testcase classname="com.app.sunbeam.tests.Test1" name="sample2" time="10.016"/>
  <testcase classname="com.app.sunbeam.tests.Test1" name="LoginTest" time="0.396"/>
</testsuite> <!-- Testingsites -->
