<?xml version="1.0" encoding="UTF-8"?>
<testng-results ignored="0" total="8" passed="8" failed="0" skipped="0">
  <reporter-output>
  </reporter-output>
  <suite started-at="2024-02-26T12:09:30Z" name="Regression Suite" finished-at="2024-02-26T12:10:06Z" duration-ms="35982">
    <groups>
    </groups>
    <test started-at="2024-02-26T12:09:30Z" name="Testing site2" finished-at="2024-02-26T12:10:05Z" duration-ms="35199">
      <class name="com.app.sunbeam.tests.Test2">
        <test-method is-config="true" signature="beforeSuite()[pri:0, instance:com.app.sunbeam.tests.Test2@797cf65c]" started-at="2024-02-26T12:09:30Z" name="beforeSuite" finished-at="2024-02-26T12:09:30Z" duration-ms="190" status="PASS">
          <reporter-output>
          </reporter-output>
        </test-method> <!-- beforeSuite -->
        <test-method is-config="true" signature="setUp()[pri:0, instance:com.app.sunbeam.tests.Test2@797cf65c]" started-at="2024-02-26T12:09:30Z" name="setUp" finished-at="2024-02-26T12:09:34Z" duration-ms="4425" status="PASS">
          <reporter-output>
          </reporter-output>
        </test-method> <!-- setUp -->
        <test-method is-config="true" signature="beforeMethod(java.lang.reflect.Method)[pri:0, instance:com.app.sunbeam.tests.Test2@797cf65c]" started-at="2024-02-26T12:09:34Z" name="beforeMethod" finished-at="2024-02-26T12:09:34Z" duration-ms="11" status="PASS">
          <params>
            <param index="0">
              <value>
                <![CDATA[public void com.app.sunbeam.tests.Test2.getup() throws java.lang.InterruptedException]]>
              </value>
            </param>
          </params>
          <reporter-output>
          </reporter-output>
        </test-method> <!-- beforeMethod -->
        <test-method signature="getup()[pri:1, instance:com.app.sunbeam.tests.Test2@797cf65c]" started-at="2024-02-26T12:09:34Z" name="getup" finished-at="2024-02-26T12:09:44Z" duration-ms="10016" status="PASS">
          <reporter-output>
          </reporter-output>
        </test-method> <!-- getup -->
        <test-method is-config="true" signature="afterMethod(org.testng.ITestResult)[pri:0, instance:com.app.sunbeam.tests.Test2@797cf65c]" started-at="2024-02-26T12:09:44Z" name="afterMethod" finished-at="2024-02-26T12:09:44Z" duration-ms="9" status="PASS">
          <params>
            <param index="0">
              <value>
                <![CDATA[[TestResult name=getup status=SUCCESS method=Test2.getup()[pri:1, instance:com.app.sunbeam.tests.Test2@797cf65c] output={null}]]]>
              </value>
            </param>
          </params>
          <reporter-output>
          </reporter-output>
        </test-method> <!-- afterMethod -->
        <test-method is-config="true" signature="beforeMethod(java.lang.reflect.Method)[pri:0, instance:com.app.sunbeam.tests.Test2@797cf65c]" started-at="2024-02-26T12:09:44Z" name="beforeMethod" finished-at="2024-02-26T12:09:44Z" duration-ms="1" status="PASS">
          <params>
            <param index="0">
              <value>
                <![CDATA[public void com.app.sunbeam.tests.Test2.getup1Test() throws java.lang.InterruptedException]]>
              </value>
            </param>
          </params>
          <reporter-output>
          </reporter-output>
        </test-method> <!-- beforeMethod -->
        <test-method signature="getup1Test()[pri:2, instance:com.app.sunbeam.tests.Test2@797cf65c]" started-at="2024-02-26T12:09:44Z" name="getup1Test" finished-at="2024-02-26T12:09:54Z" duration-ms="10004" status="PASS">
          <reporter-output>
          </reporter-output>
        </test-method> <!-- getup1Test -->
        <test-method is-config="true" signature="afterMethod(org.testng.ITestResult)[pri:0, instance:com.app.sunbeam.tests.Test2@797cf65c]" started-at="2024-02-26T12:09:54Z" name="afterMethod" finished-at="2024-02-26T12:09:54Z" duration-ms="2" status="PASS">
          <params>
            <param index="0">
              <value>
                <![CDATA[[TestResult name=getup1Test status=SUCCESS method=Test2.getup1Test()[pri:2, instance:com.app.sunbeam.tests.Test2@797cf65c] output={null}]]]>
              </value>
            </param>
          </params>
          <reporter-output>
          </reporter-output>
        </test-method> <!-- afterMethod -->
        <test-method is-config="true" signature="beforeMethod(java.lang.reflect.Method)[pri:0, instance:com.app.sunbeam.tests.Test2@797cf65c]" started-at="2024-02-26T12:09:54Z" name="beforeMethod" finished-at="2024-02-26T12:09:54Z" duration-ms="0" status="PASS">
          <params>
            <param index="0">
              <value>
                <![CDATA[public void com.app.sunbeam.tests.Test2.getup1Test2() throws java.lang.InterruptedException]]>
              </value>
            </param>
          </params>
          <reporter-output>
          </reporter-output>
        </test-method> <!-- beforeMethod -->
        <test-method signature="getup1Test2()[pri:3, instance:com.app.sunbeam.tests.Test2@797cf65c]" started-at="2024-02-26T12:09:54Z" name="getup1Test2" finished-at="2024-02-26T12:10:04Z" depends-on-methods="com.app.sunbeam.tests.Test2.getup1Test" duration-ms="10006" status="PASS">
          <reporter-output>
          </reporter-output>
        </test-method> <!-- getup1Test2 -->
        <test-method is-config="true" signature="afterMethod(org.testng.ITestResult)[pri:0, instance:com.app.sunbeam.tests.Test2@797cf65c]" started-at="2024-02-26T12:10:04Z" name="afterMethod" finished-at="2024-02-26T12:10:04Z" duration-ms="0" status="PASS">
          <params>
            <param index="0">
              <value>
                <![CDATA[[TestResult name=getup1Test2 status=SUCCESS method=Test2.getup1Test2()[pri:3, instance:com.app.sunbeam.tests.Test2@797cf65c] output={null}]]]>
              </value>
            </param>
          </params>
          <reporter-output>
          </reporter-output>
        </test-method> <!-- afterMethod -->
        <test-method signature="LoginTest2()[pri:4, instance:com.app.sunbeam.tests.Test2@797cf65c]" started-at="2024-02-26T12:10:04Z" name="LoginTest2" finished-at="2024-02-26T12:10:05Z" duration-ms="698" status="PASS">
          <reporter-output>
          </reporter-output>
        </test-method> <!-- LoginTest2 -->
        <test-method is-config="true" signature="beforeMethod(java.lang.reflect.Method)[pri:0, instance:com.app.sunbeam.tests.Test2@797cf65c]" started-at="2024-02-26T12:10:04Z" name="beforeMethod" finished-at="2024-02-26T12:10:04Z" duration-ms="0" status="PASS">
          <params>
            <param index="0">
              <value>
                <![CDATA[public void com.app.sunbeam.tests.Test2.LoginTest2()]]>
              </value>
            </param>
          </params>
          <reporter-output>
          </reporter-output>
        </test-method> <!-- beforeMethod -->
        <test-method is-config="true" signature="afterMethod(org.testng.ITestResult)[pri:0, instance:com.app.sunbeam.tests.Test2@797cf65c]" started-at="2024-02-26T12:10:05Z" name="afterMethod" finished-at="2024-02-26T12:10:05Z" duration-ms="0" status="PASS">
          <params>
            <param index="0">
              <value>
                <![CDATA[[TestResult name=LoginTest2 status=SUCCESS method=Test2.LoginTest2()[pri:4, instance:com.app.sunbeam.tests.Test2@797cf65c] output={null}]]]>
              </value>
            </param>
          </params>
          <reporter-output>
          </reporter-output>
        </test-method> <!-- afterMethod -->
        <test-method is-config="true" signature="afterSuite()[pri:0, instance:com.app.sunbeam.tests.Test2@797cf65c]" started-at="2024-02-26T12:10:06Z" name="afterSuite" finished-at="2024-02-26T12:10:06Z" duration-ms="300" status="PASS">
          <reporter-output>
          </reporter-output>
        </test-method> <!-- afterSuite -->
      </class> <!-- com.app.sunbeam.tests.Test2 -->
    </test> <!-- Testing site2 -->
    <test started-at="2024-02-26T12:09:30Z" name="Testingsites" finished-at="2024-02-26T12:10:06Z" duration-ms="35982">
      <class name="com.app.sunbeam.tests.Test1">
        <test-method is-config="true" signature="setUp()[pri:0, instance:com.app.sunbeam.tests.Test1@25aca718]" started-at="2024-02-26T12:09:30Z" name="setUp" finished-at="2024-02-26T12:09:35Z" duration-ms="5534" status="PASS">
          <reporter-output>
          </reporter-output>
        </test-method> <!-- setUp -->
        <test-method is-config="true" signature="beforeMethod(java.lang.reflect.Method)[pri:0, instance:com.app.sunbeam.tests.Test1@25aca718]" started-at="2024-02-26T12:09:35Z" name="beforeMethod" finished-at="2024-02-26T12:09:35Z" duration-ms="0" status="PASS">
          <params>
            <param index="0">
              <value>
                <![CDATA[public void com.app.sunbeam.tests.Test1.sample() throws java.lang.InterruptedException]]>
              </value>
            </param>
          </params>
          <reporter-output>
          </reporter-output>
        </test-method> <!-- beforeMethod -->
        <test-method signature="sample()[pri:1, instance:com.app.sunbeam.tests.Test1@25aca718]" started-at="2024-02-26T12:09:35Z" name="sample" finished-at="2024-02-26T12:09:45Z" duration-ms="10008" status="PASS">
          <reporter-output>
          </reporter-output>
        </test-method> <!-- sample -->
        <test-method is-config="true" signature="afterMethod(org.testng.ITestResult)[pri:0, instance:com.app.sunbeam.tests.Test1@25aca718]" started-at="2024-02-26T12:09:45Z" name="afterMethod" finished-at="2024-02-26T12:09:45Z" duration-ms="1" status="PASS">
          <params>
            <param index="0">
              <value>
                <![CDATA[[TestResult name=sample status=SUCCESS method=Test1.sample()[pri:1, instance:com.app.sunbeam.tests.Test1@25aca718] output={null}]]]>
              </value>
            </param>
          </params>
          <reporter-output>
          </reporter-output>
        </test-method> <!-- afterMethod -->
        <test-method signature="sample1()[pri:2, instance:com.app.sunbeam.tests.Test1@25aca718]" started-at="2024-02-26T12:09:45Z" name="sample1" finished-at="2024-02-26T12:09:55Z" duration-ms="10013" status="PASS">
          <reporter-output>
          </reporter-output>
        </test-method> <!-- sample1 -->
        <test-method is-config="true" signature="beforeMethod(java.lang.reflect.Method)[pri:0, instance:com.app.sunbeam.tests.Test1@25aca718]" started-at="2024-02-26T12:09:45Z" name="beforeMethod" finished-at="2024-02-26T12:09:45Z" duration-ms="0" status="PASS">
          <params>
            <param index="0">
              <value>
                <![CDATA[public void com.app.sunbeam.tests.Test1.sample1() throws java.lang.InterruptedException]]>
              </value>
            </param>
          </params>
          <reporter-output>
          </reporter-output>
        </test-method> <!-- beforeMethod -->
        <test-method is-config="true" signature="afterMethod(org.testng.ITestResult)[pri:0, instance:com.app.sunbeam.tests.Test1@25aca718]" started-at="2024-02-26T12:09:55Z" name="afterMethod" finished-at="2024-02-26T12:09:55Z" duration-ms="1" status="PASS">
          <params>
            <param index="0">
              <value>
                <![CDATA[[TestResult name=sample1 status=SUCCESS method=Test1.sample1()[pri:2, instance:com.app.sunbeam.tests.Test1@25aca718] output={null}]]]>
              </value>
            </param>
          </params>
          <reporter-output>
          </reporter-output>
        </test-method> <!-- afterMethod -->
        <test-method is-config="true" signature="beforeMethod(java.lang.reflect.Method)[pri:0, instance:com.app.sunbeam.tests.Test1@25aca718]" started-at="2024-02-26T12:09:55Z" name="beforeMethod" finished-at="2024-02-26T12:09:55Z" duration-ms="1" status="PASS">
          <params>
            <param index="0">
              <value>
                <![CDATA[public void com.app.sunbeam.tests.Test1.sample2() throws java.lang.InterruptedException]]>
              </value>
            </param>
          </params>
          <reporter-output>
          </reporter-output>
        </test-method> <!-- beforeMethod -->
        <test-method signature="sample2()[pri:3, instance:com.app.sunbeam.tests.Test1@25aca718]" started-at="2024-02-26T12:09:55Z" name="sample2" finished-at="2024-02-26T12:10:05Z" duration-ms="10016" status="PASS">
          <reporter-output>
          </reporter-output>
        </test-method> <!-- sample2 -->
        <test-method is-config="true" signature="afterMethod(org.testng.ITestResult)[pri:0, instance:com.app.sunbeam.tests.Test1@25aca718]" started-at="2024-02-26T12:10:05Z" name="afterMethod" finished-at="2024-02-26T12:10:05Z" duration-ms="0" status="PASS">
          <params>
            <param index="0">
              <value>
                <![CDATA[[TestResult name=sample2 status=SUCCESS method=Test1.sample2()[pri:3, instance:com.app.sunbeam.tests.Test1@25aca718] output={null}]]]>
              </value>
            </param>
          </params>
          <reporter-output>
          </reporter-output>
        </test-method> <!-- afterMethod -->
        <test-method is-config="true" signature="beforeMethod(java.lang.reflect.Method)[pri:0, instance:com.app.sunbeam.tests.Test1@25aca718]" started-at="2024-02-26T12:10:05Z" name="beforeMethod" finished-at="2024-02-26T12:10:05Z" duration-ms="0" status="PASS">
          <params>
            <param index="0">
              <value>
                <![CDATA[public void com.app.sunbeam.tests.Test1.LoginTest()]]>
              </value>
            </param>
          </params>
          <reporter-output>
          </reporter-output>
        </test-method> <!-- beforeMethod -->
        <test-method signature="LoginTest()[pri:4, instance:com.app.sunbeam.tests.Test1@25aca718]" started-at="2024-02-26T12:10:05Z" name="LoginTest" finished-at="2024-02-26T12:10:06Z" duration-ms="396" status="PASS">
          <reporter-output>
          </reporter-output>
        </test-method> <!-- LoginTest -->
        <test-method is-config="true" signature="afterMethod(org.testng.ITestResult)[pri:0, instance:com.app.sunbeam.tests.Test1@25aca718]" started-at="2024-02-26T12:10:06Z" name="afterMethod" finished-at="2024-02-26T12:10:06Z" duration-ms="1" status="PASS">
          <params>
            <param index="0">
              <value>
                <![CDATA[[TestResult name=LoginTest status=SUCCESS method=Test1.LoginTest()[pri:4, instance:com.app.sunbeam.tests.Test1@25aca718] output={null}]]]>
              </value>
            </param>
          </params>
          <reporter-output>
          </reporter-output>
        </test-method> <!-- afterMethod -->
      </class> <!-- com.app.sunbeam.tests.Test1 -->
    </test> <!-- Testingsites -->
  </suite> <!-- Regression Suite -->
</testng-results>
